--------------------------------------------------------------------------------
CPU name:	11th Gen Intel(R) Core(TM) i7-11700K @ 3.60GHz
CPU type:	Intel Rocketlake processor
CPU clock:	3.60 GHz
--------------------------------------------------------------------------------

P_3(2.00000000e+01)_L = 9.72793750e-01
P_3(2.00000000e+01)_N = 9.72793750e-01
4.72329995e-02
5.40299993e-03
--------------------------------------------------------------------------------
Group 1: FLOPS_DP
+------------------------------------------+---------+------------+------------+------------+------------+------------+------------+------------+------------+------------+------------+-------------+-------------+-------------+-------------+-------------+-------------+
|                   Event                  | Counter | HWThread 0 | HWThread 1 | HWThread 2 | HWThread 3 | HWThread 4 | HWThread 5 | HWThread 6 | HWThread 7 | HWThread 8 | HWThread 9 | HWThread 10 | HWThread 11 | HWThread 12 | HWThread 13 | HWThread 14 | HWThread 15 |
+------------------------------------------+---------+------------+------------+------------+------------+------------+------------+------------+------------+------------+------------+-------------+-------------+-------------+-------------+-------------+-------------+
|             INSTR_RETIRED_ANY            |  FIXC0  |   40730808 |   39399981 |   40253538 |   41599539 |   40458898 |   42123144 |   42731842 |   42314374 |   43973051 |   48744952 |    46315114 |    46952187 |    48990100 |    48248001 |    50424318 |    51568958 |
|           CPU_CLK_UNHALTED_CORE          |  FIXC1  |   70905985 |   39891127 |   39913147 |   42171609 |   39867792 |   42629939 |   42885534 |   42433847 |   43794527 |   58643385 |    45948857 |    47418172 |    49066995 |    48545812 |    49712905 |    87421169 |
|           CPU_CLK_UNHALTED_REF           |  FIXC2  |   72617400 |   47033550 |   48217800 |   53833050 |   46577250 |   55381050 |   58183500 |   48663150 |   50634150 |   62305800 |    52110900 |    53917800 |    55334250 |    54884400 |    52953900 |    90790350 |
|               TOPDOWN_SLOTS              |  FIXC3  |  255136440 |  101610165 |  101408385 |  112542465 |  100436680 |  113344875 |  115512750 |  107246475 |  111296000 |  183144180 |   116390525 |   121980110 |   125902290 |   122922175 |   129818890 |   310298455 |
| FP_ARITH_INST_RETIRED_128B_PACKED_DOUBLE |   PMC0  |          4 |          0 |          4 |         10 |          0 |         10 |        910 |         14 |          0 |         78 |          14 |          32 |          12 |           0 |           9 |           1 |
|    FP_ARITH_INST_RETIRED_SCALAR_DOUBLE   |   PMC1  |         40 |         16 |         31 |        133 |          8 |        138 |       4991 |         37 |         16 |        488 |          84 |         253 |         155 |         119 |         206 |          29 |
| FP_ARITH_INST_RETIRED_256B_PACKED_DOUBLE |   PMC2  |          0 |          0 |          0 |          0 |          0 |          0 |          0 |          0 |          0 |          0 |           0 |           0 |           0 |           0 |           0 |           0 |
| FP_ARITH_INST_RETIRED_512B_PACKED_DOUBLE |   PMC3  |          0 |          0 |          0 |          0 |          0 |          0 |          0 |          0 |          0 |          0 |           0 |           0 |           0 |           0 |           0 |           0 |
+------------------------------------------+---------+------------+------------+------------+------------+------------+------------+------------+------------+------------+------------+-------------+-------------+-------------+-------------+-------------+-------------+

+-----------------------------------------------+---------+------------+-----------+-----------+--------------+
|                     Event                     | Counter |     Sum    |    Min    |    Max    |      Avg     |
+-----------------------------------------------+---------+------------+-----------+-----------+--------------+
|             INSTR_RETIRED_ANY STAT            |  FIXC0  |  714828805 |  39399981 |  51568958 | 4.467680e+07 |
|           CPU_CLK_UNHALTED_CORE STAT          |  FIXC1  |  791250802 |  39867792 |  87421169 | 4.945318e+07 |
|           CPU_CLK_UNHALTED_REF STAT           |  FIXC2  |  903438300 |  46577250 |  90790350 | 5.646489e+07 |
|               TOPDOWN_SLOTS STAT              |  FIXC3  | 2228990860 | 100436680 | 310298455 | 1.393119e+08 |
| FP_ARITH_INST_RETIRED_128B_PACKED_DOUBLE STAT |   PMC0  |       1098 |         0 |       910 |      68.6250 |
|    FP_ARITH_INST_RETIRED_SCALAR_DOUBLE STAT   |   PMC1  |       6744 |         8 |      4991 |     421.5000 |
| FP_ARITH_INST_RETIRED_256B_PACKED_DOUBLE STAT |   PMC2  |          0 |         0 |         0 |            0 |
| FP_ARITH_INST_RETIRED_512B_PACKED_DOUBLE STAT |   PMC3  |          0 |         0 |         0 |            0 |
+-----------------------------------------------+---------+------------+-----------+-----------+--------------+

+----------------------+--------------+--------------+--------------+--------------+--------------+--------------+------------+--------------+--------------+------------+--------------+-------------+--------------+-------------+--------------+--------------+
|        Metric        |  HWThread 0  |  HWThread 1  |  HWThread 2  |  HWThread 3  |  HWThread 4  |  HWThread 5  | HWThread 6 |  HWThread 7  |  HWThread 8  | HWThread 9 |  HWThread 10 | HWThread 11 |  HWThread 12 | HWThread 13 |  HWThread 14 |  HWThread 15 |
+----------------------+--------------+--------------+--------------+--------------+--------------+--------------+------------+--------------+--------------+------------+--------------+-------------+--------------+-------------+--------------+--------------+
|  Runtime (RDTSC) [s] |       0.4696 |       0.4696 |       0.4696 |       0.4696 |       0.4696 |       0.4696 |     0.4696 |       0.4696 |       0.4696 |     0.4696 |       0.4696 |      0.4696 |       0.4696 |      0.4696 |       0.4696 |       0.4696 |
| Runtime unhalted [s] |       0.0197 |       0.0111 |       0.0111 |       0.0117 |       0.0111 |       0.0118 |     0.0119 |       0.0118 |       0.0122 |     0.0163 |       0.0128 |      0.0132 |       0.0136 |      0.0135 |       0.0138 |       0.0243 |
|      Clock [MHz]     |    3515.0925 |    3053.2552 |    2979.9099 |    2820.1080 |    3081.3632 |    2771.0737 |  2653.4172 |    3139.1115 |    3113.6577 |  3388.3254 |    3174.2468 |   3165.9729 |    3192.1992 |   3184.1785 |    3379.6035 |    3466.3425 |
|          CPI         |       1.7408 |       1.0125 |       0.9915 |       1.0138 |       0.9854 |       1.0120 |     1.0036 |       1.0028 |       0.9959 |     1.2031 |       0.9921 |      1.0099 |       1.0016 |      1.0062 |       0.9859 |       1.6952 |
|     DP [MFLOP/s]     |       0.0001 | 3.406831e-05 |       0.0001 |       0.0003 | 1.703416e-05 |       0.0003 |     0.0145 |       0.0001 | 3.406831e-05 |     0.0014 |       0.0002 |      0.0007 |       0.0004 |      0.0003 |       0.0005 |       0.0001 |
|   AVX DP [MFLOP/s]   |            0 |            0 |            0 |            0 |            0 |            0 |          0 |            0 |            0 |          0 |            0 |           0 |            0 |           0 |            0 |            0 |
|  AVX512 DP [MFLOP/s] |            0 |            0 |            0 |            0 |            0 |            0 |          0 |            0 |            0 |          0 |            0 |           0 |            0 |           0 |            0 |            0 |
|   Packed [MUOPS/s]   | 8.517078e-06 |            0 | 8.517078e-06 | 2.129269e-05 |            0 | 2.129269e-05 |     0.0019 | 2.980977e-05 |            0 |     0.0002 | 2.980977e-05 |      0.0001 | 2.555123e-05 |           0 | 1.916342e-05 | 2.129269e-06 |
|   Scalar [MUOPS/s]   |       0.0001 | 3.406831e-05 |       0.0001 |       0.0003 | 1.703416e-05 |       0.0003 |     0.0106 |       0.0001 | 3.406831e-05 |     0.0010 |       0.0002 |      0.0005 |       0.0003 |      0.0003 |       0.0004 |       0.0001 |
|  Vectorization ratio |       9.0909 |            0 |      11.4286 |       6.9930 |            0 |       6.7568 |    15.4211 |      27.4510 |            0 |    13.7809 |      14.2857 |     11.2281 |       7.1856 |           0 |       4.1860 |       3.3333 |
+----------------------+--------------+--------------+--------------+--------------+--------------+--------------+------------+--------------+--------------+------------+--------------+-------------+--------------+-------------+--------------+--------------+

+---------------------------+------------+--------------+-----------+-----------+
|           Metric          |     Sum    |      Min     |    Max    |    Avg    |
+---------------------------+------------+--------------+-----------+-----------+
|  Runtime (RDTSC) [s] STAT |     7.5136 |       0.4696 |    0.4696 |    0.4696 |
| Runtime unhalted [s] STAT |     0.2199 |       0.0111 |    0.0243 |    0.0137 |
|      Clock [MHz] STAT     | 50077.8577 |    2653.4172 | 3515.0925 | 3129.8661 |
|          CPI STAT         |    17.6523 |       0.9854 |    1.7408 |    1.1033 |
|     DP [MFLOP/s] STAT     |     0.0191 | 1.703416e-05 |    0.0145 |    0.0012 |
|   AVX DP [MFLOP/s] STAT   |          0 |            0 |         0 |         0 |
|  AVX512 DP [MFLOP/s] STAT |          0 |            0 |         0 |         0 |
|   Packed [MUOPS/s] STAT   |     0.0024 |            0 |    0.0019 |    0.0001 |
|   Scalar [MUOPS/s] STAT   |     0.0144 | 1.703416e-05 |    0.0106 |    0.0009 |
|  Vectorization ratio STAT |   131.1410 |            0 |   27.4510 |    8.1963 |
+---------------------------+------------+--------------+-----------+-----------+

Group 2: ENERGY
+-----------------------+---------+------------+------------+------------+------------+------------+------------+------------+------------+------------+------------+-------------+-------------+-------------+-------------+-------------+-------------+
|         Event         | Counter | HWThread 0 | HWThread 1 | HWThread 2 | HWThread 3 | HWThread 4 | HWThread 5 | HWThread 6 | HWThread 7 | HWThread 8 | HWThread 9 | HWThread 10 | HWThread 11 | HWThread 12 | HWThread 13 | HWThread 14 | HWThread 15 |
+-----------------------+---------+------------+------------+------------+------------+------------+------------+------------+------------+------------+------------+-------------+-------------+-------------+-------------+-------------+-------------+
|   INSTR_RETIRED_ANY   |  FIXC0  |  100196695 |   98616514 |   99357427 |  100596444 |   98986988 |  101608912 |  103310978 |  100266245 |  100878439 |   99687764 |   101386855 |   108421987 |   103106947 |   109494110 |   112139048 |   101290402 |
| CPU_CLK_UNHALTED_CORE |  FIXC1  |  155507120 |   97168076 |   97823556 |   99886097 |   96984211 |  103181155 |  101879436 |   98498444 |   99429248 |   97690212 |   100742179 |   109888393 |   100485491 |   112578021 |   115857456 |   174286673 |
|  CPU_CLK_UNHALTED_REF |  FIXC2  |  259117050 |  195988350 |  199174650 |  210092550 |  197490750 |  201723150 |  213588450 |  204079950 |  209233650 |  201546000 |   203385450 |   226744800 |   211751250 |   233946600 |   235895550 |   272507550 |
|     TOPDOWN_SLOTS     |  FIXC3  |  530554365 |  246729070 |  248652695 |  258448810 |  244897030 |  274569855 |  267364210 |  249785660 |  256716620 |  248744470 |   263831965 |   309579945 |   261834755 |   321155700 |   336265885 |   628970395 |
|       TEMP_CORE       |   TMP0  |         28 |         29 |         27 |         29 |         30 |         26 |         30 |         30 |         28 |         29 |          27 |          29 |          31 |          27 |          30 |          30 |
|     PWR_PKG_ENERGY    |   PWR0  |    25.5107 |          0 |          0 |          0 |          0 |          0 |          0 |          0 |          0 |          0 |           0 |           0 |           0 |           0 |           0 |           0 |
|     PWR_PP0_ENERGY    |   PWR1  |     3.5394 |          0 |          0 |          0 |          0 |          0 |          0 |          0 |          0 |          0 |           0 |           0 |           0 |           0 |           0 |           0 |
|    PWR_DRAM_ENERGY    |   PWR3  |          0 |          0 |          0 |          0 |          0 |          0 |          0 |          0 |          0 |          0 |           0 |           0 |           0 |           0 |           0 |           0 |
+-----------------------+---------+------------+------------+------------+------------+------------+------------+------------+------------+------------+------------+-------------+-------------+-------------+-------------+-------------+-------------+

+----------------------------+---------+------------+-----------+-----------+--------------+
|            Event           | Counter |     Sum    |    Min    |    Max    |      Avg     |
+----------------------------+---------+------------+-----------+-----------+--------------+
|   INSTR_RETIRED_ANY STAT   |  FIXC0  | 1639345755 |  98616514 | 112139048 | 1.024591e+08 |
| CPU_CLK_UNHALTED_CORE STAT |  FIXC1  | 1761885768 |  96984211 | 174286673 | 1.101179e+08 |
|  CPU_CLK_UNHALTED_REF STAT |  FIXC2  | 3476265750 | 195988350 | 272507550 | 2.172666e+08 |
|     TOPDOWN_SLOTS STAT     |  FIXC3  | 4948101430 | 244897030 | 628970395 | 3.092563e+08 |
|       TEMP_CORE STAT       |   TMP0  |        460 |        26 |        31 |      28.7500 |
|     PWR_PKG_ENERGY STAT    |   PWR0  |    25.5107 |         0 |   25.5107 |       1.5944 |
|     PWR_PP0_ENERGY STAT    |   PWR1  |     3.5394 |         0 |    3.5394 |       0.2212 |
|    PWR_DRAM_ENERGY STAT    |   PWR3  |          0 |         0 |         0 |            0 |
+----------------------------+---------+------------+-----------+-----------+--------------+

+----------------------+------------+------------+------------+------------+------------+------------+------------+------------+------------+------------+-------------+-------------+-------------+-------------+-------------+-------------+
|        Metric        | HWThread 0 | HWThread 1 | HWThread 2 | HWThread 3 | HWThread 4 | HWThread 5 | HWThread 6 | HWThread 7 | HWThread 8 | HWThread 9 | HWThread 10 | HWThread 11 | HWThread 12 | HWThread 13 | HWThread 14 | HWThread 15 |
+----------------------+------------+------------+------------+------------+------------+------------+------------+------------+------------+------------+-------------+-------------+-------------+-------------+-------------+-------------+
|  Runtime (RDTSC) [s] |     2.0002 |     2.0002 |     2.0002 |     2.0002 |     2.0002 |     2.0002 |     2.0002 |     2.0002 |     2.0002 |     2.0002 |      2.0002 |      2.0002 |      2.0002 |      2.0002 |      2.0002 |      2.0002 |
| Runtime unhalted [s] |     0.0432 |     0.0270 |     0.0272 |     0.0277 |     0.0269 |     0.0287 |     0.0283 |     0.0274 |     0.0276 |     0.0271 |      0.0280 |      0.0305 |      0.0279 |      0.0313 |      0.0322 |      0.0484 |
|      Clock [MHz]     |  2160.4730 |  1784.7932 |  1768.0882 |  1711.5475 |  1767.8639 |  1841.3621 |  1717.1306 |  1737.4951 |  1710.7131 |  1744.9035 |   1783.1423 |   1744.6529 |   1708.3306 |   1732.3332 |   1768.0673 |   2302.3969 |
|          CPI         |     1.5520 |     0.9853 |     0.9846 |     0.9929 |     0.9798 |     1.0155 |     0.9861 |     0.9824 |     0.9856 |     0.9800 |      0.9936 |      1.0135 |      0.9746 |      1.0282 |      1.0332 |      1.7207 |
|    Temperature [C]   |         28 |         29 |         27 |         29 |         30 |         26 |         30 |         30 |         28 |         29 |          27 |          29 |          31 |          27 |          30 |          30 |
|      Energy [J]      |    25.5107 |          0 |          0 |          0 |          0 |          0 |          0 |          0 |          0 |          0 |           0 |           0 |           0 |           0 |           0 |           0 |
|       Power [W]      |    12.7541 |          0 |          0 |          0 |          0 |          0 |          0 |          0 |          0 |          0 |           0 |           0 |           0 |           0 |           0 |           0 |
|    Energy PP0 [J]    |     3.5394 |          0 |          0 |          0 |          0 |          0 |          0 |          0 |          0 |          0 |           0 |           0 |           0 |           0 |           0 |           0 |
|     Power PP0 [W]    |     1.7695 |          0 |          0 |          0 |          0 |          0 |          0 |          0 |          0 |          0 |           0 |           0 |           0 |           0 |           0 |           0 |
|    Energy DRAM [J]   |          0 |          0 |          0 |          0 |          0 |          0 |          0 |          0 |          0 |          0 |           0 |           0 |           0 |           0 |           0 |           0 |
|    Power DRAM [W]    |          0 |          0 |          0 |          0 |          0 |          0 |          0 |          0 |          0 |          0 |           0 |           0 |           0 |           0 |           0 |           0 |
+----------------------+------------+------------+------------+------------+------------+------------+------------+------------+------------+------------+-------------+-------------+-------------+-------------+-------------+-------------+

+---------------------------+------------+-----------+-----------+-----------+
|           Metric          |     Sum    |    Min    |    Max    |    Avg    |
+---------------------------+------------+-----------+-----------+-----------+
|  Runtime (RDTSC) [s] STAT |    32.0032 |    2.0002 |    2.0002 |    2.0002 |
| Runtime unhalted [s] STAT |     0.4894 |    0.0269 |    0.0484 |    0.0306 |
|      Clock [MHz] STAT     | 28983.2934 | 1708.3306 | 2302.3969 | 1811.4558 |
|          CPI STAT         |    17.2080 |    0.9746 |    1.7207 |    1.0755 |
|    Temperature [C] STAT   |        460 |        26 |        31 |   28.7500 |
|      Energy [J] STAT      |    25.5107 |         0 |   25.5107 |    1.5944 |
|       Power [W] STAT      |    12.7541 |         0 |   12.7541 |    0.7971 |
|    Energy PP0 [J] STAT    |     3.5394 |         0 |    3.5394 |    0.2212 |
|     Power PP0 [W] STAT    |     1.7695 |         0 |    1.7695 |    0.1106 |
|    Energy DRAM [J] STAT   |          0 |         0 |         0 |         0 |
|    Power DRAM [W] STAT    |          0 |         0 |         0 |         0 |
+---------------------------+------------+-----------+-----------+-----------+

